<?xml version="1.0" encoding="UTF-8"?>
<!-- Generated by org.testng.reporters.JUnitReportReporter -->
<testsuite hostname="DESKTOP-CR18RBM" name="tests.TehnomanijaTests" tests="1" failures="0" timestamp="13 Dec 2020 18:22:13 GMT" time="0.002" errors="0">
  <testcase name="registracijaKorisnika" time="0.002" classname="tests.TehnomanijaTests"/>
</testsuite>
